TN:
SF:src\App.jsx
FN:17,(anonymous_0)
FN:18,(anonymous_1)
FN:19,(anonymous_2)
FN:20,(anonymous_3)
FN:22,(anonymous_4)
FN:28,(anonymous_5)
FN:36,(anonymous_6)
FN:65,(anonymous_7)
FN:68,(anonymous_8)
FNF:9
FNH:2
FNDA:0,(anonymous_0)
FNDA:0,(anonymous_1)
FNDA:0,(anonymous_2)
FNDA:0,(anonymous_3)
FNDA:4,(anonymous_4)
FNDA:0,(anonymous_5)
FNDA:1,(anonymous_6)
FNDA:0,(anonymous_7)
FNDA:0,(anonymous_8)
DA:17,1
DA:18,1
DA:19,1
DA:20,1
DA:22,1
DA:23,4
DA:24,4
DA:25,4
DA:26,4
DA:28,4
DA:29,0
DA:30,0
DA:31,0
DA:34,4
DA:36,1
DA:65,0
DA:68,0
LF:17
LH:12
BRDA:36,0,0,4
BRDA:36,0,1,3
BRF:2
BRH:2
end_of_record
TN:
SF:src\api\ApiClient.js
FN:18,(anonymous_0)
FN:25,(anonymous_1)
FN:31,(anonymous_2)
FN:40,(anonymous_3)
FN:47,(anonymous_4)
FN:52,(anonymous_5)
FN:53,(anonymous_6)
FNF:7
FNH:3
FNDA:2,(anonymous_0)
FNDA:1,(anonymous_1)
FNDA:2,(anonymous_2)
FNDA:0,(anonymous_3)
FNDA:0,(anonymous_4)
FNDA:0,(anonymous_5)
FNDA:0,(anonymous_6)
DA:5,2
DA:8,2
DA:18,2
DA:19,2
DA:20,2
DA:21,2
DA:25,2
DA:26,1
DA:27,1
DA:31,2
DA:32,2
DA:33,2
DA:34,0
DA:39,2
DA:41,0
DA:42,0
DA:43,0
DA:45,0
DA:47,0
DA:51,2
DA:52,0
DA:54,0
DA:55,0
DA:59,0
LF:24
LH:14
BRDA:5,0,0,2
BRDA:5,0,1,2
BRDA:5,0,2,2
BRDA:5,0,3,2
BRDA:19,1,0,2
BRDA:19,1,1,0
BRDA:33,2,0,0
BRDA:33,2,1,2
BRDA:41,3,0,0
BRDA:41,3,1,0
BRDA:43,4,0,0
BRDA:43,4,1,0
BRDA:55,5,0,0
BRDA:55,5,1,0
BRF:14
BRH:6
end_of_record
TN:
SF:src\authentication\Signin.jsx
FN:7,(anonymous_0)
FN:12,(anonymous_1)
FNF:2
FNH:1
FNDA:1,(anonymous_0)
FNDA:0,(anonymous_1)
DA:7,2
DA:8,1
DA:9,1
DA:10,1
DA:12,1
DA:13,0
DA:14,0
DA:15,0
DA:16,0
DA:17,0
DA:18,0
DA:19,0
DA:20,0
DA:21,0
DA:22,0
DA:24,0
DA:27,0
DA:28,0
DA:30,0
DA:34,1
LF:20
LH:6
BRDA:20,0,0,0
BRDA:20,0,1,0
BRDA:27,1,0,0
BRDA:27,1,1,0
BRDA:48,2,0,1
BRDA:48,2,1,0
BRDA:86,3,0,0
BRDA:86,3,1,1
BRF:8
BRH:2
end_of_record
TN:
SF:src\components\Modal.jsx
FN:4,(anonymous_0)
FN:5,(anonymous_1)
FN:6,(anonymous_2)
FN:10,(anonymous_3)
FN:17,(anonymous_4)
FNF:5
FNH:4
FNDA:40,(anonymous_0)
FNDA:40,(anonymous_1)
FNDA:1,(anonymous_2)
FNDA:40,(anonymous_3)
FNDA:0,(anonymous_4)
DA:4,4
DA:5,40
DA:6,40
DA:7,1
DA:9,40
DA:10,40
DA:13,40
DA:15,4
DA:17,0
LF:9
LH:8
BRDA:7,0,0,1
BRDA:7,0,1,0
BRDA:9,1,0,4
BRDA:9,1,1,36
BRDA:13,2,0,36
BRDA:13,2,1,4
BRDA:18,3,0,4
BRDA:18,3,1,4
BRDA:20,4,0,4
BRDA:20,4,1,3
BRF:10
BRH:9
end_of_record
TN:
SF:src\components\Navbar.jsx
FN:7,(anonymous_0)
FN:14,(anonymous_1)
FN:20,(anonymous_2)
FN:27,(anonymous_3)
FN:35,(anonymous_4)
FN:36,(anonymous_5)
FN:37,(anonymous_6)
FN:38,(anonymous_7)
FN:39,(anonymous_8)
FN:40,(anonymous_9)
FN:45,(anonymous_10)
FNF:11
FNH:8
FNDA:0,(anonymous_0)
FNDA:0,(anonymous_1)
FNDA:4,(anonymous_2)
FNDA:0,(anonymous_3)
FNDA:4,(anonymous_4)
FNDA:4,(anonymous_5)
FNDA:4,(anonymous_6)
FNDA:4,(anonymous_7)
FNDA:4,(anonymous_8)
FNDA:4,(anonymous_9)
FNDA:2,(anonymous_10)
DA:7,2
DA:8,0
DA:14,2
DA:15,0
DA:20,2
DA:21,4
DA:23,4
DA:27,0
DA:35,4
DA:36,4
DA:37,4
DA:38,4
DA:39,4
DA:40,4
DA:45,2
LF:15
LH:12
BRDA:35,0,0,3
BRDA:35,0,1,1
BRDA:36,1,0,0
BRDA:36,1,1,4
BRDA:37,2,0,0
BRDA:37,2,1,4
BRDA:38,3,0,0
BRDA:38,3,1,4
BRDA:39,4,0,0
BRDA:39,4,1,4
BRDA:40,5,0,0
BRDA:40,5,1,4
BRDA:45,6,0,2
BRDA:45,6,1,2
BRF:14
BRH:9
end_of_record
TN:
SF:src\components\ProtectedRoute.jsx
FN:4,(anonymous_0)
FNF:1
FNH:1
FNDA:5,(anonymous_0)
DA:4,2
DA:5,5
DA:6,5
DA:8,5
DA:9,1
DA:12,4
LF:6
LH:6
BRDA:6,0,0,5
BRDA:6,0,1,0
BRDA:8,1,0,1
BRDA:8,1,1,4
BRF:4
BRH:3
end_of_record
TN:
SF:src\pages\dashboard\Dashboard.jsx
FN:4,(anonymous_0)
FNF:1
FNH:1
FNDA:4,(anonymous_0)
DA:4,2
DA:5,4
LF:2
LH:2
BRF:0
BRH:0
end_of_record
TN:
SF:src\pages\medicine\Medicine.jsx
FN:7,(anonymous_0)
FN:14,(anonymous_1)
FN:20,(anonymous_2)
FN:36,(anonymous_3)
FN:49,(anonymous_4)
FN:59,(anonymous_5)
FN:63,(anonymous_6)
FN:75,(anonymous_7)
FN:79,(anonymous_8)
FN:83,(anonymous_9)
FN:84,(anonymous_10)
FN:85,(anonymous_11)
FN:88,(anonymous_12)
FN:94,(anonymous_13)
FN:97,(anonymous_14)
FN:100,(anonymous_15)
FN:102,(anonymous_16)
FN:108,(anonymous_17)
FN:108,(anonymous_18)
FN:110,(anonymous_19)
FN:123,(anonymous_20)
FN:132,(anonymous_21)
FN:140,(anonymous_22)
FN:158,(anonymous_23)
FN:171,(anonymous_24)
FN:183,(anonymous_25)
FN:183,(anonymous_26)
FN:190,(anonymous_27)
FN:208,(anonymous_28)
FN:223,(anonymous_29)
FN:229,(anonymous_30)
FN:234,(anonymous_31)
FN:239,(anonymous_32)
FN:272,(anonymous_33)
FN:281,(anonymous_34)
FN:285,(anonymous_35)
FN:300,(anonymous_36)
FN:303,(anonymous_37)
FN:306,(anonymous_38)
FN:310,(anonymous_39)
FN:310,(anonymous_40)
FN:311,(anonymous_41)
FN:335,(anonymous_42)
FN:338,(anonymous_43)
FN:376,(anonymous_44)
FN:379,(anonymous_45)
FNF:46
FNH:19
FNDA:11,(anonymous_0)
FNDA:11,(anonymous_1)
FNDA:11,(anonymous_2)
FNDA:2,(anonymous_3)
FNDA:2,(anonymous_4)
FNDA:2,(anonymous_5)
FNDA:4,(anonymous_6)
FNDA:2,(anonymous_7)
FNDA:2,(anonymous_8)
FNDA:2,(anonymous_9)
FNDA:0,(anonymous_10)
FNDA:0,(anonymous_11)
FNDA:2,(anonymous_12)
FNDA:4,(anonymous_13)
FNDA:0,(anonymous_14)
FNDA:8,(anonymous_15)
FNDA:6,(anonymous_16)
FNDA:0,(anonymous_17)
FNDA:0,(anonymous_18)
FNDA:0,(anonymous_19)
FNDA:0,(anonymous_20)
FNDA:0,(anonymous_21)
FNDA:0,(anonymous_22)
FNDA:0,(anonymous_23)
FNDA:0,(anonymous_24)
FNDA:0,(anonymous_25)
FNDA:0,(anonymous_26)
FNDA:0,(anonymous_27)
FNDA:0,(anonymous_28)
FNDA:0,(anonymous_29)
FNDA:1,(anonymous_30)
FNDA:1,(anonymous_31)
FNDA:2,(anonymous_32)
FNDA:10,(anonymous_33)
FNDA:0,(anonymous_34)
FNDA:2,(anonymous_35)
FNDA:0,(anonymous_36)
FNDA:0,(anonymous_37)
FNDA:0,(anonymous_38)
FNDA:0,(anonymous_39)
FNDA:0,(anonymous_40)
FNDA:0,(anonymous_41)
FNDA:0,(anonymous_42)
FNDA:0,(anonymous_43)
FNDA:0,(anonymous_44)
FNDA:0,(anonymous_45)
DA:7,2
DA:8,11
DA:14,2
DA:15,11
DA:20,2
DA:21,11
DA:22,11
DA:23,11
DA:24,11
DA:25,11
DA:26,11
DA:27,11
DA:28,11
DA:29,11
DA:30,11
DA:31,11
DA:32,11
DA:33,11
DA:36,11
DA:37,2
DA:38,2
DA:39,2
DA:40,2
DA:41,2
DA:43,0
DA:45,2
DA:49,11
DA:50,2
DA:51,2
DA:52,1
DA:53,1
DA:55,1
DA:56,1
DA:59,11
DA:60,2
DA:61,2
DA:62,2
DA:63,2
DA:64,4
DA:65,4
DA:66,4
DA:69,2
DA:75,11
DA:76,2
DA:77,2
DA:78,2
DA:79,2
DA:83,11
DA:84,2
DA:85,2
DA:86,2
DA:87,2
DA:88,2
DA:89,2
DA:90,2
DA:94,11
DA:95,4
DA:96,4
DA:97,0
DA:100,11
DA:101,8
DA:102,3
DA:103,6
DA:104,6
DA:108,11
DA:110,11
DA:111,0
DA:112,0
DA:113,0
DA:120,0
DA:121,0
DA:123,0
DA:125,0
DA:126,0
DA:127,0
DA:128,0
DA:132,0
DA:133,0
DA:134,0
DA:140,0
DA:141,0
DA:142,0
DA:145,0
DA:146,0
DA:148,0
DA:149,0
DA:150,0
DA:152,0
DA:153,0
DA:154,0
DA:158,11
DA:159,0
DA:160,0
DA:168,0
DA:171,11
DA:172,0
DA:173,0
DA:174,0
DA:175,0
DA:182,0
DA:183,0
DA:185,0
DA:186,0
DA:187,0
DA:188,0
DA:189,0
DA:190,0
DA:191,0
DA:193,0
DA:194,0
DA:195,0
DA:197,0
DA:198,0
DA:199,0
DA:203,11
DA:208,0
DA:223,0
DA:229,1
DA:234,1
DA:239,2
DA:273,10
DA:281,0
DA:285,2
DA:300,0
DA:303,0
DA:307,0
DA:308,0
DA:309,0
DA:310,0
DA:311,0
DA:312,0
DA:313,0
DA:314,0
DA:316,0
DA:318,0
DA:320,0
DA:321,0
DA:335,0
DA:338,0
DA:376,0
DA:379,0
LF:141
LH:72
BRDA:41,0,0,2
BRDA:41,0,1,0
BRDA:41,1,0,0
BRDA:41,1,1,0
BRDA:43,2,0,0
BRDA:43,2,1,0
BRDA:50,3,0,2
BRDA:50,3,1,1
BRDA:51,4,0,1
BRDA:51,4,1,1
BRDA:63,5,0,2
BRDA:63,5,1,0
BRDA:64,6,0,4
BRDA:64,6,1,0
BRDA:64,7,0,4
BRDA:64,7,1,4
BRDA:66,8,0,4
BRDA:66,8,1,2
BRDA:85,9,0,0
BRDA:85,9,1,0
BRDA:96,10,0,4
BRDA:96,10,1,0
BRDA:97,11,0,0
BRDA:97,11,1,0
BRDA:101,12,0,5
BRDA:101,12,1,3
BRDA:103,13,0,6
BRDA:103,13,1,3
BRDA:104,14,0,2
BRDA:104,14,1,4
BRDA:115,15,0,0
BRDA:115,15,1,0
BRDA:116,16,0,0
BRDA:116,16,1,0
BRDA:117,17,0,0
BRDA:117,17,1,0
BRDA:118,18,0,0
BRDA:118,18,1,0
BRDA:120,19,0,0
BRDA:120,19,1,0
BRDA:125,20,0,0
BRDA:125,20,1,0
BRDA:125,21,0,0
BRDA:125,21,1,0
BRDA:126,22,0,0
BRDA:126,22,1,0
BRDA:134,23,0,0
BRDA:134,23,1,0
BRDA:142,24,0,0
BRDA:142,24,1,0
BRDA:152,25,0,0
BRDA:152,25,1,0
BRDA:161,26,0,0
BRDA:161,26,1,0
BRDA:162,27,0,0
BRDA:162,27,1,0
BRDA:163,28,0,0
BRDA:163,28,1,0
BRDA:164,29,0,0
BRDA:164,29,1,0
BRDA:165,30,0,0
BRDA:165,30,1,0
BRDA:166,31,0,0
BRDA:166,31,1,0
BRDA:172,32,0,0
BRDA:172,32,1,0
BRDA:177,33,0,0
BRDA:177,33,1,0
BRDA:178,34,0,0
BRDA:178,34,1,0
BRDA:179,35,0,0
BRDA:179,35,1,0
BRDA:180,36,0,0
BRDA:180,36,1,0
BRDA:183,37,0,0
BRDA:183,37,1,0
BRDA:185,38,0,0
BRDA:185,38,1,0
BRDA:186,39,0,0
BRDA:186,39,1,0
BRDA:186,40,0,0
BRDA:186,40,1,0
BRDA:188,41,0,0
BRDA:188,41,1,0
BRDA:197,42,0,0
BRDA:197,42,1,0
BRDA:228,43,0,7
BRDA:228,43,1,4
BRDA:233,44,0,1
BRDA:233,44,1,10
BRDA:238,45,0,3
BRDA:238,45,1,8
BRDA:250,46,0,11
BRDA:250,46,1,0
BRDA:267,47,0,2
BRDA:267,47,1,9
BRDA:269,48,0,2
BRDA:269,48,1,7
BRDA:275,49,0,10
BRDA:275,49,1,0
BRDA:276,50,0,10
BRDA:276,50,1,0
BRDA:277,51,0,10
BRDA:277,51,1,0
BRDA:278,52,0,10
BRDA:278,52,1,0
BRDA:279,53,0,10
BRDA:279,53,1,0
BRDA:283,54,0,4
BRDA:283,54,1,6
BRDA:286,55,0,4
BRDA:286,55,1,6
BRDA:307,56,0,0
BRDA:307,56,1,0
BRDA:318,57,0,0
BRDA:318,57,1,0
BRDA:344,58,0,11
BRDA:344,58,1,0
BRDA:385,59,0,11
BRDA:385,59,1,0
BRF:120
BRH:40
end_of_record
